<?xml version="1.0" encoding="UTF-8"?>
<testsuite xmlns:xsi="http://www.w3.org/2001/XMLSchema-instance" xsi:noNamespaceSchemaLocation="https://maven.apache.org/surefire/maven-surefire-plugin/xsd/surefire-test-report.xsd" name="ua.kpi.tef.ti71.lab2.Reflection.ReflectionUtilsTest" time="0.004" tests="3" errors="0" skipped="1" failures="0">
  <properties>
    <property name="awt.toolkit" value="sun.lwawt.macosx.LWCToolkit"/>
    <property name="java.specification.version" value="12"/>
    <property name="sun.jnu.encoding" value="UTF-8"/>
    <property name="java.class.path" value="/Users/alexveretenkin/Documents/javaLab/target/test-classes:/Users/alexveretenkin/Documents/javaLab/target/classes:/Users/alexveretenkin/.m2/repository/org/junit/jupiter/junit-jupiter-api/5.5.2/junit-jupiter-api-5.5.2.jar:/Users/alexveretenkin/.m2/repository/org/apiguardian/apiguardian-api/1.1.0/apiguardian-api-1.1.0.jar:/Users/alexveretenkin/.m2/repository/org/opentest4j/opentest4j/1.2.0/opentest4j-1.2.0.jar:/Users/alexveretenkin/.m2/repository/org/junit/platform/junit-platform-commons/1.5.2/junit-platform-commons-1.5.2.jar:/Users/alexveretenkin/.m2/repository/org/junit/jupiter/junit-jupiter-engine/5.5.2/junit-jupiter-engine-5.5.2.jar:/Users/alexveretenkin/.m2/repository/org/junit/platform/junit-platform-engine/1.5.2/junit-platform-engine-1.5.2.jar:/Users/alexveretenkin/.m2/repository/org/projectlombok/lombok/1.18.10/lombok-1.18.10.jar:/Users/alexveretenkin/.m2/repository/com/devskiller/jfairy/0.6.2/jfairy-0.6.2.jar:/Users/alexveretenkin/.m2/repository/org/yaml/snakeyaml/1.20/snakeyaml-1.20.jar:/Users/alexveretenkin/.m2/repository/org/apache/commons/commons-lang3/3.7/commons-lang3-3.7.jar:/Users/alexveretenkin/.m2/repository/org/apache/commons/commons-text/1.2/commons-text-1.2.jar:/Users/alexveretenkin/.m2/repository/org/apache/commons/commons-math3/3.6.1/commons-math3-3.6.1.jar:/Users/alexveretenkin/.m2/repository/com/google/guava/guava/24.0-jre/guava-24.0-jre.jar:/Users/alexveretenkin/.m2/repository/com/google/code/findbugs/jsr305/1.3.9/jsr305-1.3.9.jar:/Users/alexveretenkin/.m2/repository/org/checkerframework/checker-compat-qual/2.0.0/checker-compat-qual-2.0.0.jar:/Users/alexveretenkin/.m2/repository/com/google/errorprone/error_prone_annotations/2.1.3/error_prone_annotations-2.1.3.jar:/Users/alexveretenkin/.m2/repository/com/google/j2objc/j2objc-annotations/1.1/j2objc-annotations-1.1.jar:/Users/alexveretenkin/.m2/repository/org/codehaus/mojo/animal-sniffer-annotations/1.14/animal-sniffer-annotations-1.14.jar:/Users/alexveretenkin/.m2/repository/org/slf4j/slf4j-api/1.7.25/slf4j-api-1.7.25.jar:/Users/alexveretenkin/.m2/repository/com/google/inject/guice/4.2.0/guice-4.2.0.jar:/Users/alexveretenkin/.m2/repository/javax/inject/javax.inject/1/javax.inject-1.jar:/Users/alexveretenkin/.m2/repository/aopalliance/aopalliance/1.0/aopalliance-1.0.jar:/Users/alexveretenkin/.m2/repository/com/google/inject/extensions/guice-assistedinject/4.2.0/guice-assistedinject-4.2.0.jar:/Users/alexveretenkin/.m2/repository/org/iban4j/iban4j/3.2.1/iban4j-3.2.1.jar:/Users/alexveretenkin/.m2/repository/org/codehaus/groovy/groovy-all/2.4.14/groovy-all-2.4.14.jar:"/>
    <property name="java.vm.vendor" value="Oracle Corporation"/>
    <property name="sun.arch.data.model" value="64"/>
    <property name="java.vendor.url" value="https://java.oracle.com/"/>
    <property name="os.name" value="Mac OS X"/>
    <property name="java.vm.specification.version" value="12"/>
    <property name="sun.java.launcher" value="SUN_STANDARD"/>
    <property name="user.country" value="UA"/>
    <property name="sun.boot.library.path" value="/Library/Java/JavaVirtualMachines/jdk-12.0.2.jdk/Contents/Home/lib"/>
    <property name="sun.java.command" value="/Users/alexveretenkin/Documents/javaLab/target/surefire/surefirebooter10259529375245804463.jar /Users/alexveretenkin/Documents/javaLab/target/surefire 2019-12-03T11-07-21_859-jvmRun1 surefire15554204528737580557tmp surefire_08565491622328247499tmp"/>
    <property name="http.nonProxyHosts" value="local|*.local|169.254/16|*.169.254/16"/>
    <property name="jdk.debug" value="release"/>
    <property name="surefire.test.class.path" value="/Users/alexveretenkin/Documents/javaLab/target/test-classes:/Users/alexveretenkin/Documents/javaLab/target/classes:/Users/alexveretenkin/.m2/repository/org/junit/jupiter/junit-jupiter-api/5.5.2/junit-jupiter-api-5.5.2.jar:/Users/alexveretenkin/.m2/repository/org/apiguardian/apiguardian-api/1.1.0/apiguardian-api-1.1.0.jar:/Users/alexveretenkin/.m2/repository/org/opentest4j/opentest4j/1.2.0/opentest4j-1.2.0.jar:/Users/alexveretenkin/.m2/repository/org/junit/platform/junit-platform-commons/1.5.2/junit-platform-commons-1.5.2.jar:/Users/alexveretenkin/.m2/repository/org/junit/jupiter/junit-jupiter-engine/5.5.2/junit-jupiter-engine-5.5.2.jar:/Users/alexveretenkin/.m2/repository/org/junit/platform/junit-platform-engine/1.5.2/junit-platform-engine-1.5.2.jar:/Users/alexveretenkin/.m2/repository/org/projectlombok/lombok/1.18.10/lombok-1.18.10.jar:/Users/alexveretenkin/.m2/repository/com/devskiller/jfairy/0.6.2/jfairy-0.6.2.jar:/Users/alexveretenkin/.m2/repository/org/yaml/snakeyaml/1.20/snakeyaml-1.20.jar:/Users/alexveretenkin/.m2/repository/org/apache/commons/commons-lang3/3.7/commons-lang3-3.7.jar:/Users/alexveretenkin/.m2/repository/org/apache/commons/commons-text/1.2/commons-text-1.2.jar:/Users/alexveretenkin/.m2/repository/org/apache/commons/commons-math3/3.6.1/commons-math3-3.6.1.jar:/Users/alexveretenkin/.m2/repository/com/google/guava/guava/24.0-jre/guava-24.0-jre.jar:/Users/alexveretenkin/.m2/repository/com/google/code/findbugs/jsr305/1.3.9/jsr305-1.3.9.jar:/Users/alexveretenkin/.m2/repository/org/checkerframework/checker-compat-qual/2.0.0/checker-compat-qual-2.0.0.jar:/Users/alexveretenkin/.m2/repository/com/google/errorprone/error_prone_annotations/2.1.3/error_prone_annotations-2.1.3.jar:/Users/alexveretenkin/.m2/repository/com/google/j2objc/j2objc-annotations/1.1/j2objc-annotations-1.1.jar:/Users/alexveretenkin/.m2/repository/org/codehaus/mojo/animal-sniffer-annotations/1.14/animal-sniffer-annotations-1.14.jar:/Users/alexveretenkin/.m2/repository/org/slf4j/slf4j-api/1.7.25/slf4j-api-1.7.25.jar:/Users/alexveretenkin/.m2/repository/com/google/inject/guice/4.2.0/guice-4.2.0.jar:/Users/alexveretenkin/.m2/repository/javax/inject/javax.inject/1/javax.inject-1.jar:/Users/alexveretenkin/.m2/repository/aopalliance/aopalliance/1.0/aopalliance-1.0.jar:/Users/alexveretenkin/.m2/repository/com/google/inject/extensions/guice-assistedinject/4.2.0/guice-assistedinject-4.2.0.jar:/Users/alexveretenkin/.m2/repository/org/iban4j/iban4j/3.2.1/iban4j-3.2.1.jar:/Users/alexveretenkin/.m2/repository/org/codehaus/groovy/groovy-all/2.4.14/groovy-all-2.4.14.jar:"/>
    <property name="sun.cpu.endian" value="little"/>
    <property name="user.home" value="/Users/alexveretenkin"/>
    <property name="user.language" value="en"/>
    <property name="java.specification.vendor" value="Oracle Corporation"/>
    <property name="java.version.date" value="2019-07-16"/>
    <property name="java.home" value="/Library/Java/JavaVirtualMachines/jdk-12.0.2.jdk/Contents/Home"/>
    <property name="file.separator" value="/"/>
    <property name="basedir" value="/Users/alexveretenkin/Documents/javaLab"/>
    <property name="java.vm.compressedOopsMode" value="Zero based"/>
    <property name="line.separator" value="&#10;"/>
    <property name="java.specification.name" value="Java Platform API Specification"/>
    <property name="java.vm.specification.vendor" value="Oracle Corporation"/>
    <property name="java.awt.graphicsenv" value="sun.awt.CGraphicsEnvironment"/>
    <property name="surefire.real.class.path" value="/Users/alexveretenkin/Documents/javaLab/target/surefire/surefirebooter10259529375245804463.jar"/>
    <property name="sun.management.compiler" value="HotSpot 64-Bit Tiered Compilers"/>
    <property name="ftp.nonProxyHosts" value="local|*.local|169.254/16|*.169.254/16"/>
    <property name="java.runtime.version" value="12.0.2+10"/>
    <property name="user.name" value="alexveretenkin"/>
    <property name="path.separator" value=":"/>
    <property name="os.version" value="10.15.1"/>
    <property name="java.runtime.name" value="Java(TM) SE Runtime Environment"/>
    <property name="file.encoding" value="UTF-8"/>
    <property name="java.vm.name" value="Java HotSpot(TM) 64-Bit Server VM"/>
    <property name="localRepository" value="/Users/alexveretenkin/.m2/repository"/>
    <property name="java.vendor.url.bug" value="https://bugreport.java.com/bugreport/"/>
    <property name="java.io.tmpdir" value="/var/folders/gp/xr1l6bf57t1_hqq1h9h56c0h0000gn/T/"/>
    <property name="java.version" value="12.0.2"/>
    <property name="user.dir" value="/Users/alexveretenkin/Documents/javaLab"/>
    <property name="os.arch" value="x86_64"/>
    <property name="java.vm.specification.name" value="Java Virtual Machine Specification"/>
    <property name="java.library.path" value="/Users/alexveretenkin/Library/Java/Extensions:/Library/Java/Extensions:/Network/Library/Java/Extensions:/System/Library/Java/Extensions:/usr/lib/java:."/>
    <property name="java.vm.info" value="mixed mode, sharing"/>
    <property name="java.vendor" value="Oracle Corporation"/>
    <property name="java.vm.version" value="12.0.2+10"/>
    <property name="sun.io.unicode.encoding" value="UnicodeBig"/>
    <property name="socksNonProxyHosts" value="local|*.local|169.254/16|*.169.254/16"/>
    <property name="java.class.version" value="56.0"/>
  </properties>
  <testcase name="getAllFields" classname="ua.kpi.tef.ti71.lab2.Reflection.ReflectionUtilsTest" time="0"/>
  <testcase name="getProxy" classname="ua.kpi.tef.ti71.lab2.Reflection.ReflectionUtilsTest" time="0.004"/>
  <testcase name="getAllMethods" classname="ua.kpi.tef.ti71.lab2.Reflection.ReflectionUtilsTest" time="0">
    <skipped message="public void ua.kpi.tef.ti71.lab2.Reflection.ReflectionUtilsTest.getAllMethods() is @Disabled"/>
  </testcase>
</testsuite>